loaded in 0.35 secs
no relationships for Calculation
views 0.49 secs
[xbrlce:unknownColumn] Table structured CSV file header column 2 is not in table template definition: dInvoiceInvoiceNote, url: Allowance-example.csv - C:\Users\nobuy\GitHub\UADA\UADC_PoC\out\phase1\bis-billing3-examples\Allowance-example.xbrl 
[xbrlce:unknownColumn] Table structured CSV file header column 3 is not in table template definition: dInvoicePrecedingInvoiceReference, url: Allowance-example.csv - C:\Users\nobuy\GitHub\UADA\UADC_PoC\out\phase1\bis-billing3-examples\Allowance-example.xbrl 
[xbrlce:unknownColumn] Table structured CSV file header column 4 is not in table template definition: dPaymentInstructions, url: Allowance-example.csv - C:\Users\nobuy\GitHub\UADA\UADC_PoC\out\phase1\bis-billing3-examples\Allowance-example.xbrl 
[xbrlce:unknownColumn] Table structured CSV file header column 5 is not in table template definition: dCreditTransfer, url: Allowance-example.csv - C:\Users\nobuy\GitHub\UADA\UADC_PoC\out\phase1\bis-billing3-examples\Allowance-example.xbrl 
[xbrlce:unknownColumn] Table structured CSV file header column 6 is not in table template definition: dDocumentLevelAllowances, url: Allowance-example.csv - C:\Users\nobuy\GitHub\UADA\UADC_PoC\out\phase1\bis-billing3-examples\Allowance-example.xbrl 
[xbrlce:unknownColumn] Table structured CSV file header column 7 is not in table template definition: dDocumentLevelCharges, url: Allowance-example.csv - C:\Users\nobuy\GitHub\UADA\UADC_PoC\out\phase1\bis-billing3-examples\Allowance-example.xbrl 
[xbrlce:unknownColumn] Table structured CSV file header column 8 is not in table template definition: dVatBreakdown, url: Allowance-example.csv - C:\Users\nobuy\GitHub\UADA\UADC_PoC\out\phase1\bis-billing3-examples\Allowance-example.xbrl 
[xbrlce:unknownColumn] Table structured CSV file header column 9 is not in table template definition: dAdditionalSupportingDocuments, url: Allowance-example.csv - C:\Users\nobuy\GitHub\UADA\UADC_PoC\out\phase1\bis-billing3-examples\Allowance-example.xbrl 
[xbrlce:unknownColumn] Table structured CSV file header column 10 is not in table template definition: dInvoiceLine, url: Allowance-example.csv - C:\Users\nobuy\GitHub\UADA\UADC_PoC\out\phase1\bis-billing3-examples\Allowance-example.xbrl 
[xbrlce:unknownColumn] Table structured CSV file header column 11 is not in table template definition: dInvoiceLineAllowances, url: Allowance-example.csv - C:\Users\nobuy\GitHub\UADA\UADC_PoC\out\phase1\bis-billing3-examples\Allowance-example.xbrl 
[xbrlce:unknownColumn] Table structured CSV file header column 12 is not in table template definition: dInvoiceLineCharges, url: Allowance-example.csv - C:\Users\nobuy\GitHub\UADA\UADC_PoC\out\phase1\bis-billing3-examples\Allowance-example.xbrl 
[xbrlce:unknownColumn] Table structured CSV file header column 13 is not in table template definition: dItemAttributes, url: Allowance-example.csv - C:\Users\nobuy\GitHub\UADA\UADC_PoC\out\phase1\bis-billing3-examples\Allowance-example.xbrl 
[xbrlce:unknownColumn] Table structured CSV file header column 14 is not in table template definition: InvoiceNumber, url: Allowance-example.csv - C:\Users\nobuy\GitHub\UADA\UADC_PoC\out\phase1\bis-billing3-examples\Allowance-example.xbrl 
[xbrlce:unknownColumn] Table structured CSV file header column 15 is not in table template definition: InvoiceIssueDate, url: Allowance-example.csv - C:\Users\nobuy\GitHub\UADA\UADC_PoC\out\phase1\bis-billing3-examples\Allowance-example.xbrl 
[xbrlce:unknownColumn] Table structured CSV file header column 16 is not in table template definition: InvoiceTypeCode, url: Allowance-example.csv - C:\Users\nobuy\GitHub\UADA\UADC_PoC\out\phase1\bis-billing3-examples\Allowance-example.xbrl 
[xbrlce:unknownColumn] Table structured CSV file header column 17 is not in table template definition: DocumentCurrencyCode, url: Allowance-example.csv - C:\Users\nobuy\GitHub\UADA\UADC_PoC\out\phase1\bis-billing3-examples\Allowance-example.xbrl 
[xbrlce:unknownColumn] Table structured CSV file header column 18 is not in table template definition: TaxAccountingCurrencyCode, url: Allowance-example.csv - C:\Users\nobuy\GitHub\UADA\UADC_PoC\out\phase1\bis-billing3-examples\Allowance-example.xbrl 
[xbrlce:unknownColumn] Table structured CSV file header column 19 is not in table template definition: ValueAddedTaxPointDate, url: Allowance-example.csv - C:\Users\nobuy\GitHub\UADA\UADC_PoC\out\phase1\bis-billing3-examples\Allowance-example.xbrl 
[xbrlce:unknownColumn] Table structured CSV file header column 20 is not in table template definition: ValueAddedTaxPointDateCode, url: Allowance-example.csv - C:\Users\nobuy\GitHub\UADA\UADC_PoC\out\phase1\bis-billing3-examples\Allowance-example.xbrl 
[xbrlce:unknownColumn] Table structured CSV file header column 21 is not in table template definition: PaymentDueDate, url: Allowance-example.csv - C:\Users\nobuy\GitHub\UADA\UADC_PoC\out\phase1\bis-billing3-examples\Allowance-example.xbrl 
[xbrlce:unknownColumn] Table structured CSV file header column 22 is not in table template definition: BuyerReference, url: Allowance-example.csv - C:\Users\nobuy\GitHub\UADA\UADC_PoC\out\phase1\bis-billing3-examples\Allowance-example.xbrl 
[xbrlce:unknownColumn] Table structured CSV file header column 23 is not in table template definition: ProjectReference, url: Allowance-example.csv - C:\Users\nobuy\GitHub\UADA\UADC_PoC\out\phase1\bis-billing3-examples\Allowance-example.xbrl 
[xbrlce:unknownColumn] Table structured CSV file header column 24 is not in table template definition: ContractReference, url: Allowance-example.csv - C:\Users\nobuy\GitHub\UADA\UADC_PoC\out\phase1\bis-billing3-examples\Allowance-example.xbrl 
[xbrlce:unknownColumn] Table structured CSV file header column 25 is not in table template definition: PurchaseOrderReference, url: Allowance-example.csv - C:\Users\nobuy\GitHub\UADA\UADC_PoC\out\phase1\bis-billing3-examples\Allowance-example.xbrl 
[xbrlce:unknownColumn] Table structured CSV file header column 26 is not in table template definition: SalesOrderReference, url: Allowance-example.csv - C:\Users\nobuy\GitHub\UADA\UADC_PoC\out\phase1\bis-billing3-examples\Allowance-example.xbrl 
[xbrlce:unknownColumn] Table structured CSV file header column 27 is not in table template definition: ReceivingAdviceReference, url: Allowance-example.csv - C:\Users\nobuy\GitHub\UADA\UADC_PoC\out\phase1\bis-billing3-examples\Allowance-example.xbrl 
[xbrlce:unknownColumn] Table structured CSV file header column 28 is not in table template definition: DespatchAdviceReference, url: Allowance-example.csv - C:\Users\nobuy\GitHub\UADA\UADC_PoC\out\phase1\bis-billing3-examples\Allowance-example.xbrl 
[xbrlce:unknownColumn] Table structured CSV file header column 29 is not in table template definition: TenderOrLotReference, url: Allowance-example.csv - C:\Users\nobuy\GitHub\UADA\UADC_PoC\out\phase1\bis-billing3-examples\Allowance-example.xbrl 
[xbrlce:unknownColumn] Table structured CSV file header column 30 is not in table template definition: InvoicedObjectIdentifier, url: Allowance-example.csv - C:\Users\nobuy\GitHub\UADA\UADC_PoC\out\phase1\bis-billing3-examples\Allowance-example.xbrl 
[xbrlce:unknownColumn] Table structured CSV file header column 31 is not in table template definition: BuyerAccountingReference, url: Allowance-example.csv - C:\Users\nobuy\GitHub\UADA\UADC_PoC\out\phase1\bis-billing3-examples\Allowance-example.xbrl 
[xbrlce:unknownColumn] Table structured CSV file header column 32 is not in table template definition: PaymentTerms, url: Allowance-example.csv - C:\Users\nobuy\GitHub\UADA\UADC_PoC\out\phase1\bis-billing3-examples\Allowance-example.xbrl 
[xbrlce:unknownColumn] Table structured CSV file header column 33 is not in table template definition: InvoiceNoteSubjectCode, url: Allowance-example.csv - C:\Users\nobuy\GitHub\UADA\UADC_PoC\out\phase1\bis-billing3-examples\Allowance-example.xbrl 
[xbrlce:unknownColumn] Table structured CSV file header column 34 is not in table template definition: InvoiceNoteInvoiceNote, url: Allowance-example.csv - C:\Users\nobuy\GitHub\UADA\UADC_PoC\out\phase1\bis-billing3-examples\Allowance-example.xbrl 
[xbrlce:unknownColumn] Table structured CSV file header column 35 is not in table template definition: BusinessProcessType, url: Allowance-example.csv - C:\Users\nobuy\GitHub\UADA\UADC_PoC\out\phase1\bis-billing3-examples\Allowance-example.xbrl 
[xbrlce:unknownColumn] Table structured CSV file header column 36 is not in table template definition: SpecificationIdentifier, url: Allowance-example.csv - C:\Users\nobuy\GitHub\UADA\UADC_PoC\out\phase1\bis-billing3-examples\Allowance-example.xbrl 
[xbrlce:unknownColumn] Table structured CSV file header column 37 is not in table template definition: PrecedingInvoiceReferencePrecedingInvoiceReference, url: Allowance-example.csv - C:\Users\nobuy\GitHub\UADA\UADC_PoC\out\phase1\bis-billing3-examples\Allowance-example.xbrl 
[xbrlce:unknownColumn] Table structured CSV file header column 38 is not in table template definition: PrecedingInvoiceIssueDate, url: Allowance-example.csv - C:\Users\nobuy\GitHub\UADA\UADC_PoC\out\phase1\bis-billing3-examples\Allowance-example.xbrl 
[xbrlce:unknownColumn] Table structured CSV file header column 39 is not in table template definition: SellerName, url: Allowance-example.csv - C:\Users\nobuy\GitHub\UADA\UADC_PoC\out\phase1\bis-billing3-examples\Allowance-example.xbrl 
[xbrlce:unknownColumn] Table structured CSV file header column 40 is not in table template definition: SellerTradingName, url: Allowance-example.csv - C:\Users\nobuy\GitHub\UADA\UADC_PoC\out\phase1\bis-billing3-examples\Allowance-example.xbrl 
[xbrlce:unknownColumn] Table structured CSV file header column 41 is not in table template definition: SellerIdentifier, url: Allowance-example.csv - C:\Users\nobuy\GitHub\UADA\UADC_PoC\out\phase1\bis-billing3-examples\Allowance-example.xbrl 
[xbrlce:unknownColumn] Table structured CSV file header column 42 is not in table template definition: SellerLegalRegistrationIdentifier, url: Allowance-example.csv - C:\Users\nobuy\GitHub\UADA\UADC_PoC\out\phase1\bis-billing3-examples\Allowance-example.xbrl 
[xbrlce:unknownColumn] Table structured CSV file header column 43 is not in table template definition: SellerVatIdentifier, url: Allowance-example.csv - C:\Users\nobuy\GitHub\UADA\UADC_PoC\out\phase1\bis-billing3-examples\Allowance-example.xbrl 
[xbrlce:unknownColumn] Table structured CSV file header column 44 is not in table template definition: SellerTaxRegistrationIdentifier, url: Allowance-example.csv - C:\Users\nobuy\GitHub\UADA\UADC_PoC\out\phase1\bis-billing3-examples\Allowance-example.xbrl 
[xbrlce:unknownColumn] Table structured CSV file header column 45 is not in table template definition: SellerAdditionalLegalInformation, url: Allowance-example.csv - C:\Users\nobuy\GitHub\UADA\UADC_PoC\out\phase1\bis-billing3-examples\Allowance-example.xbrl 
[xbrlce:unknownColumn] Table structured CSV file header column 46 is not in table template definition: SellerElectronicAddress, url: Allowance-example.csv - C:\Users\nobuy\GitHub\UADA\UADC_PoC\out\phase1\bis-billing3-examples\Allowance-example.xbrl 
[xbrlce:unknownColumn] Table structured CSV file header column 47 is not in table template definition: SellerAddressLine1, url: Allowance-example.csv - C:\Users\nobuy\GitHub\UADA\UADC_PoC\out\phase1\bis-billing3-examples\Allowance-example.xbrl 
[xbrlce:unknownColumn] Table structured CSV file header column 48 is not in table template definition: SellerAddressLine2, url: Allowance-example.csv - C:\Users\nobuy\GitHub\UADA\UADC_PoC\out\phase1\bis-billing3-examples\Allowance-example.xbrl 
[xbrlce:unknownColumn] Table structured CSV file header column 49 is not in table template definition: SellerAddressLine3, url: Allowance-example.csv - C:\Users\nobuy\GitHub\UADA\UADC_PoC\out\phase1\bis-billing3-examples\Allowance-example.xbrl 
[xbrlce:unknownColumn] Table structured CSV file header column 50 is not in table template definition: SellerCity, url: Allowance-example.csv - C:\Users\nobuy\GitHub\UADA\UADC_PoC\out\phase1\bis-billing3-examples\Allowance-example.xbrl 
[xbrlce:unknownColumn] Table structured CSV file header column 51 is not in table template definition: SellerPostCode, url: Allowance-example.csv - C:\Users\nobuy\GitHub\UADA\UADC_PoC\out\phase1\bis-billing3-examples\Allowance-example.xbrl 
[xbrlce:unknownColumn] Table structured CSV file header column 52 is not in table template definition: SellerCountrySubdivision, url: Allowance-example.csv - C:\Users\nobuy\GitHub\UADA\UADC_PoC\out\phase1\bis-billing3-examples\Allowance-example.xbrl 
[xbrlce:unknownColumn] Table structured CSV file header column 53 is not in table template definition: SellerCountryCode, url: Allowance-example.csv - C:\Users\nobuy\GitHub\UADA\UADC_PoC\out\phase1\bis-billing3-examples\Allowance-example.xbrl 
[xbrlce:unknownColumn] Table structured CSV file header column 54 is not in table template definition: SellerContactPoint, url: Allowance-example.csv - C:\Users\nobuy\GitHub\UADA\UADC_PoC\out\phase1\bis-billing3-examples\Allowance-example.xbrl 
[xbrlce:unknownColumn] Table structured CSV file header column 55 is not in table template definition: SellerContactTelephoneNumber, url: Allowance-example.csv - C:\Users\nobuy\GitHub\UADA\UADC_PoC\out\phase1\bis-billing3-examples\Allowance-example.xbrl 
[xbrlce:unknownColumn] Table structured CSV file header column 56 is not in table template definition: SellerContactEmailAddress, url: Allowance-example.csv - C:\Users\nobuy\GitHub\UADA\UADC_PoC\out\phase1\bis-billing3-examples\Allowance-example.xbrl 
[xbrlce:unknownColumn] Table structured CSV file header column 57 is not in table template definition: BuyerName, url: Allowance-example.csv - C:\Users\nobuy\GitHub\UADA\UADC_PoC\out\phase1\bis-billing3-examples\Allowance-example.xbrl 
[xbrlce:unknownColumn] Table structured CSV file header column 58 is not in table template definition: BuyerTradingName, url: Allowance-example.csv - C:\Users\nobuy\GitHub\UADA\UADC_PoC\out\phase1\bis-billing3-examples\Allowance-example.xbrl 
[xbrlce:unknownColumn] Table structured CSV file header column 59 is not in table template definition: BuyerIdentifier, url: Allowance-example.csv - C:\Users\nobuy\GitHub\UADA\UADC_PoC\out\phase1\bis-billing3-examples\Allowance-example.xbrl 
[xbrlce:unknownColumn] Table structured CSV file header column 60 is not in table template definition: BuyerLegalRegistrationIdentifier, url: Allowance-example.csv - C:\Users\nobuy\GitHub\UADA\UADC_PoC\out\phase1\bis-billing3-examples\Allowance-example.xbrl 
[xbrlce:unknownColumn] Table structured CSV file header column 61 is not in table template definition: BuyerVatIdentifier, url: Allowance-example.csv - C:\Users\nobuy\GitHub\UADA\UADC_PoC\out\phase1\bis-billing3-examples\Allowance-example.xbrl 
[xbrlce:unknownColumn] Table structured CSV file header column 62 is not in table template definition: BuyerElectronicAddress, url: Allowance-example.csv - C:\Users\nobuy\GitHub\UADA\UADC_PoC\out\phase1\bis-billing3-examples\Allowance-example.xbrl 
[xbrlce:unknownColumn] Table structured CSV file header column 63 is not in table template definition: BuyerAddressLine1, url: Allowance-example.csv - C:\Users\nobuy\GitHub\UADA\UADC_PoC\out\phase1\bis-billing3-examples\Allowance-example.xbrl 
[xbrlce:unknownColumn] Table structured CSV file header column 64 is not in table template definition: BuyerAddressLine2, url: Allowance-example.csv - C:\Users\nobuy\GitHub\UADA\UADC_PoC\out\phase1\bis-billing3-examples\Allowance-example.xbrl 
[xbrlce:unknownColumn] Table structured CSV file header column 65 is not in table template definition: BuyerAddressLine3, url: Allowance-example.csv - C:\Users\nobuy\GitHub\UADA\UADC_PoC\out\phase1\bis-billing3-examples\Allowance-example.xbrl 
[xbrlce:unknownColumn] Table structured CSV file header column 66 is not in table template definition: BuyerCity, url: Allowance-example.csv - C:\Users\nobuy\GitHub\UADA\UADC_PoC\out\phase1\bis-billing3-examples\Allowance-example.xbrl 
[xbrlce:unknownColumn] Table structured CSV file header column 67 is not in table template definition: BuyerPostCode, url: Allowance-example.csv - C:\Users\nobuy\GitHub\UADA\UADC_PoC\out\phase1\bis-billing3-examples\Allowance-example.xbrl 
[xbrlce:unknownColumn] Table structured CSV file header column 68 is not in table template definition: BuyerCountrySubdivision, url: Allowance-example.csv - C:\Users\nobuy\GitHub\UADA\UADC_PoC\out\phase1\bis-billing3-examples\Allowance-example.xbrl 
[xbrlce:unknownColumn] Table structured CSV file header column 69 is not in table template definition: BuyerCountryCode, url: Allowance-example.csv - C:\Users\nobuy\GitHub\UADA\UADC_PoC\out\phase1\bis-billing3-examples\Allowance-example.xbrl 
[xbrlce:unknownColumn] Table structured CSV file header column 70 is not in table template definition: BuyerContactPoint, url: Allowance-example.csv - C:\Users\nobuy\GitHub\UADA\UADC_PoC\out\phase1\bis-billing3-examples\Allowance-example.xbrl 
[xbrlce:unknownColumn] Table structured CSV file header column 71 is not in table template definition: BuyerContactTelephoneNumber, url: Allowance-example.csv - C:\Users\nobuy\GitHub\UADA\UADC_PoC\out\phase1\bis-billing3-examples\Allowance-example.xbrl 
[xbrlce:unknownColumn] Table structured CSV file header column 72 is not in table template definition: BuyerContactEmailAddress, url: Allowance-example.csv - C:\Users\nobuy\GitHub\UADA\UADC_PoC\out\phase1\bis-billing3-examples\Allowance-example.xbrl 
[xbrlce:unknownColumn] Table structured CSV file header column 73 is not in table template definition: PayeeName, url: Allowance-example.csv - C:\Users\nobuy\GitHub\UADA\UADC_PoC\out\phase1\bis-billing3-examples\Allowance-example.xbrl 
[xbrlce:unknownColumn] Table structured CSV file header column 74 is not in table template definition: PayeeIdentifier, url: Allowance-example.csv - C:\Users\nobuy\GitHub\UADA\UADC_PoC\out\phase1\bis-billing3-examples\Allowance-example.xbrl 
[xbrlce:unknownColumn] Table structured CSV file header column 75 is not in table template definition: PayeeLegalRegistrationIdentifier, url: Allowance-example.csv - C:\Users\nobuy\GitHub\UADA\UADC_PoC\out\phase1\bis-billing3-examples\Allowance-example.xbrl 
[xbrlce:unknownColumn] Table structured CSV file header column 76 is not in table template definition: SellerTaxRepresentativeName, url: Allowance-example.csv - C:\Users\nobuy\GitHub\UADA\UADC_PoC\out\phase1\bis-billing3-examples\Allowance-example.xbrl 
[xbrlce:unknownColumn] Table structured CSV file header column 77 is not in table template definition: SellerTaxRepresentativeVatIdentifier, url: Allowance-example.csv - C:\Users\nobuy\GitHub\UADA\UADC_PoC\out\phase1\bis-billing3-examples\Allowance-example.xbrl 
[xbrlce:unknownColumn] Table structured CSV file header column 78 is not in table template definition: TaxRepresentativeAddressLine1, url: Allowance-example.csv - C:\Users\nobuy\GitHub\UADA\UADC_PoC\out\phase1\bis-billing3-examples\Allowance-example.xbrl 
[xbrlce:unknownColumn] Table structured CSV file header column 79 is not in table template definition: TaxRepresentativeAddressLine2, url: Allowance-example.csv - C:\Users\nobuy\GitHub\UADA\UADC_PoC\out\phase1\bis-billing3-examples\Allowance-example.xbrl 
[xbrlce:unknownColumn] Table structured CSV file header column 80 is not in table template definition: TaxRepresentativeAddressLine3, url: Allowance-example.csv - C:\Users\nobuy\GitHub\UADA\UADC_PoC\out\phase1\bis-billing3-examples\Allowance-example.xbrl 
[xbrlce:unknownColumn] Table structured CSV file header column 81 is not in table template definition: TaxRepresentativeCity, url: Allowance-example.csv - C:\Users\nobuy\GitHub\UADA\UADC_PoC\out\phase1\bis-billing3-examples\Allowance-example.xbrl 
[xbrlce:unknownColumn] Table structured CSV file header column 82 is not in table template definition: TaxRepresentativePostCode, url: Allowance-example.csv - C:\Users\nobuy\GitHub\UADA\UADC_PoC\out\phase1\bis-billing3-examples\Allowance-example.xbrl 
[xbrlce:unknownColumn] Table structured CSV file header column 83 is not in table template definition: TaxRepresentativeCountrySubdivision, url: Allowance-example.csv - C:\Users\nobuy\GitHub\UADA\UADC_PoC\out\phase1\bis-billing3-examples\Allowance-example.xbrl 
[xbrlce:unknownColumn] Table structured CSV file header column 84 is not in table template definition: TaxRepresentativeCountryCode, url: Allowance-example.csv - C:\Users\nobuy\GitHub\UADA\UADC_PoC\out\phase1\bis-billing3-examples\Allowance-example.xbrl 
[xbrlce:unknownColumn] Table structured CSV file header column 85 is not in table template definition: DeliverToPartyName, url: Allowance-example.csv - C:\Users\nobuy\GitHub\UADA\UADC_PoC\out\phase1\bis-billing3-examples\Allowance-example.xbrl 
[xbrlce:unknownColumn] Table structured CSV file header column 86 is not in table template definition: DeliverToLocationIdentifier, url: Allowance-example.csv - C:\Users\nobuy\GitHub\UADA\UADC_PoC\out\phase1\bis-billing3-examples\Allowance-example.xbrl 
[xbrlce:unknownColumn] Table structured CSV file header column 87 is not in table template definition: ActualDeliveryDate, url: Allowance-example.csv - C:\Users\nobuy\GitHub\UADA\UADC_PoC\out\phase1\bis-billing3-examples\Allowance-example.xbrl 
[xbrlce:unknownColumn] Table structured CSV file header column 88 is not in table template definition: InvoicingPeriodStartDate, url: Allowance-example.csv - C:\Users\nobuy\GitHub\UADA\UADC_PoC\out\phase1\bis-billing3-examples\Allowance-example.xbrl 
[xbrlce:unknownColumn] Table structured CSV file header column 89 is not in table template definition: InvoicingPeriodEndDate, url: Allowance-example.csv - C:\Users\nobuy\GitHub\UADA\UADC_PoC\out\phase1\bis-billing3-examples\Allowance-example.xbrl 
[xbrlce:unknownColumn] Table structured CSV file header column 90 is not in table template definition: DeliverToAddressLine1, url: Allowance-example.csv - C:\Users\nobuy\GitHub\UADA\UADC_PoC\out\phase1\bis-billing3-examples\Allowance-example.xbrl 
[xbrlce:unknownColumn] Table structured CSV file header column 91 is not in table template definition: DeliverToAddressLine2, url: Allowance-example.csv - C:\Users\nobuy\GitHub\UADA\UADC_PoC\out\phase1\bis-billing3-examples\Allowance-example.xbrl 
[xbrlce:unknownColumn] Table structured CSV file header column 92 is not in table template definition: DeliverToAddressLine3, url: Allowance-example.csv - C:\Users\nobuy\GitHub\UADA\UADC_PoC\out\phase1\bis-billing3-examples\Allowance-example.xbrl 
[xbrlce:unknownColumn] Table structured CSV file header column 93 is not in table template definition: DeliverToCity, url: Allowance-example.csv - C:\Users\nobuy\GitHub\UADA\UADC_PoC\out\phase1\bis-billing3-examples\Allowance-example.xbrl 
[xbrlce:unknownColumn] Table structured CSV file header column 94 is not in table template definition: DeliverToPostCode, url: Allowance-example.csv - C:\Users\nobuy\GitHub\UADA\UADC_PoC\out\phase1\bis-billing3-examples\Allowance-example.xbrl 
[xbrlce:unknownColumn] Table structured CSV file header column 95 is not in table template definition: DeliverToCountrySubdivision, url: Allowance-example.csv - C:\Users\nobuy\GitHub\UADA\UADC_PoC\out\phase1\bis-billing3-examples\Allowance-example.xbrl 
[xbrlce:unknownColumn] Table structured CSV file header column 96 is not in table template definition: DeliverToCountryCode, url: Allowance-example.csv - C:\Users\nobuy\GitHub\UADA\UADC_PoC\out\phase1\bis-billing3-examples\Allowance-example.xbrl 
[xbrlce:unknownColumn] Table structured CSV file header column 97 is not in table template definition: PaymentMeansTypeCode, url: Allowance-example.csv - C:\Users\nobuy\GitHub\UADA\UADC_PoC\out\phase1\bis-billing3-examples\Allowance-example.xbrl 
[xbrlce:unknownColumn] Table structured CSV file header column 98 is not in table template definition: PaymentMeansText, url: Allowance-example.csv - C:\Users\nobuy\GitHub\UADA\UADC_PoC\out\phase1\bis-billing3-examples\Allowance-example.xbrl 
[xbrlce:unknownColumn] Table structured CSV file header column 99 is not in table template definition: PaymentRemittanceInformation, url: Allowance-example.csv - C:\Users\nobuy\GitHub\UADA\UADC_PoC\out\phase1\bis-billing3-examples\Allowance-example.xbrl 
[xbrlce:unknownColumn] Table structured CSV file header column 100 is not in table template definition: PaymentAccountIdentifier, url: Allowance-example.csv - C:\Users\nobuy\GitHub\UADA\UADC_PoC\out\phase1\bis-billing3-examples\Allowance-example.xbrl 
[xbrlce:unknownColumn] Table structured CSV file header column 101 is not in table template definition: PaymentAccountName, url: Allowance-example.csv - C:\Users\nobuy\GitHub\UADA\UADC_PoC\out\phase1\bis-billing3-examples\Allowance-example.xbrl 
[xbrlce:unknownColumn] Table structured CSV file header column 102 is not in table template definition: PaymentServiceProviderIdentifier, url: Allowance-example.csv - C:\Users\nobuy\GitHub\UADA\UADC_PoC\out\phase1\bis-billing3-examples\Allowance-example.xbrl 
[xbrlce:unknownColumn] Table structured CSV file header column 103 is not in table template definition: PaymentCardPrimaryAccountNumber, url: Allowance-example.csv - C:\Users\nobuy\GitHub\UADA\UADC_PoC\out\phase1\bis-billing3-examples\Allowance-example.xbrl 
[xbrlce:unknownColumn] Table structured CSV file header column 104 is not in table template definition: PaymentCardHolderName, url: Allowance-example.csv - C:\Users\nobuy\GitHub\UADA\UADC_PoC\out\phase1\bis-billing3-examples\Allowance-example.xbrl 
[xbrlce:unknownColumn] Table structured CSV file header column 105 is not in table template definition: MandateReferenceIdentifier, url: Allowance-example.csv - C:\Users\nobuy\GitHub\UADA\UADC_PoC\out\phase1\bis-billing3-examples\Allowance-example.xbrl 
[xbrlce:unknownColumn] Table structured CSV file header column 106 is not in table template definition: BankAssignedCreditorIdentifier, url: Allowance-example.csv - C:\Users\nobuy\GitHub\UADA\UADC_PoC\out\phase1\bis-billing3-examples\Allowance-example.xbrl 
[xbrlce:unknownColumn] Table structured CSV file header column 107 is not in table template definition: DebitedAccountIdentifier, url: Allowance-example.csv - C:\Users\nobuy\GitHub\UADA\UADC_PoC\out\phase1\bis-billing3-examples\Allowance-example.xbrl 
[xbrlce:unknownColumn] Table structured CSV file header column 108 is not in table template definition: DocumentLevelAllowanceAmount, url: Allowance-example.csv - C:\Users\nobuy\GitHub\UADA\UADC_PoC\out\phase1\bis-billing3-examples\Allowance-example.xbrl 
[xbrlce:unknownColumn] Table structured CSV file header column 109 is not in table template definition: DocumentLevelAllowanceBaseAmount, url: Allowance-example.csv - C:\Users\nobuy\GitHub\UADA\UADC_PoC\out\phase1\bis-billing3-examples\Allowance-example.xbrl 
[xbrlce:unknownColumn] Table structured CSV file header column 110 is not in table template definition: DocumentLevelAllowancePercentage, url: Allowance-example.csv - C:\Users\nobuy\GitHub\UADA\UADC_PoC\out\phase1\bis-billing3-examples\Allowance-example.xbrl 
[xbrlce:unknownColumn] Table structured CSV file header column 111 is not in table template definition: DocumentLevelAllowanceVatCategoryCode, url: Allowance-example.csv - C:\Users\nobuy\GitHub\UADA\UADC_PoC\out\phase1\bis-billing3-examples\Allowance-example.xbrl 
[xbrlce:unknownColumn] Table structured CSV file header column 112 is not in table template definition: DocumentLevelAllowanceVatRate, url: Allowance-example.csv - C:\Users\nobuy\GitHub\UADA\UADC_PoC\out\phase1\bis-billing3-examples\Allowance-example.xbrl 
[xbrlce:unknownColumn] Table structured CSV file header column 113 is not in table template definition: DocumentLevelAllowanceReason, url: Allowance-example.csv - C:\Users\nobuy\GitHub\UADA\UADC_PoC\out\phase1\bis-billing3-examples\Allowance-example.xbrl 
[xbrlce:unknownColumn] Table structured CSV file header column 114 is not in table template definition: DocumentLevelAllowanceReasonCode, url: Allowance-example.csv - C:\Users\nobuy\GitHub\UADA\UADC_PoC\out\phase1\bis-billing3-examples\Allowance-example.xbrl 
[xbrlce:unknownColumn] Table structured CSV file header column 115 is not in table template definition: DocumentLevelChargeAmount, url: Allowance-example.csv - C:\Users\nobuy\GitHub\UADA\UADC_PoC\out\phase1\bis-billing3-examples\Allowance-example.xbrl 
[xbrlce:unknownColumn] Table structured CSV file header column 116 is not in table template definition: DocumentLevelChargeBaseAmount, url: Allowance-example.csv - C:\Users\nobuy\GitHub\UADA\UADC_PoC\out\phase1\bis-billing3-examples\Allowance-example.xbrl 
[xbrlce:unknownColumn] Table structured CSV file header column 117 is not in table template definition: DocumentLevelChargePercentage, url: Allowance-example.csv - C:\Users\nobuy\GitHub\UADA\UADC_PoC\out\phase1\bis-billing3-examples\Allowance-example.xbrl 
[xbrlce:unknownColumn] Table structured CSV file header column 118 is not in table template definition: DocumentLevelChargeVatCategoryCode, url: Allowance-example.csv - C:\Users\nobuy\GitHub\UADA\UADC_PoC\out\phase1\bis-billing3-examples\Allowance-example.xbrl 
[xbrlce:unknownColumn] Table structured CSV file header column 119 is not in table template definition: DocumentLevelChargeVatRate, url: Allowance-example.csv - C:\Users\nobuy\GitHub\UADA\UADC_PoC\out\phase1\bis-billing3-examples\Allowance-example.xbrl 
[xbrlce:unknownColumn] Table structured CSV file header column 120 is not in table template definition: DocumentLevelChargeReason, url: Allowance-example.csv - C:\Users\nobuy\GitHub\UADA\UADC_PoC\out\phase1\bis-billing3-examples\Allowance-example.xbrl 
[xbrlce:unknownColumn] Table structured CSV file header column 121 is not in table template definition: DocumentLevelChargeReasonCode, url: Allowance-example.csv - C:\Users\nobuy\GitHub\UADA\UADC_PoC\out\phase1\bis-billing3-examples\Allowance-example.xbrl 
[xbrlce:unknownColumn] Table structured CSV file header column 122 is not in table template definition: SumOfInvoiceLineNetAmount, url: Allowance-example.csv - C:\Users\nobuy\GitHub\UADA\UADC_PoC\out\phase1\bis-billing3-examples\Allowance-example.xbrl 
[xbrlce:unknownColumn] Table structured CSV file header column 123 is not in table template definition: SumOfAllowancesOnDocumentLevel, url: Allowance-example.csv - C:\Users\nobuy\GitHub\UADA\UADC_PoC\out\phase1\bis-billing3-examples\Allowance-example.xbrl 
[xbrlce:unknownColumn] Table structured CSV file header column 124 is not in table template definition: SumOfChargesOnDocumentLevel, url: Allowance-example.csv - C:\Users\nobuy\GitHub\UADA\UADC_PoC\out\phase1\bis-billing3-examples\Allowance-example.xbrl 
[xbrlce:unknownColumn] Table structured CSV file header column 125 is not in table template definition: InvoiceTotalAmountWithoutVat, url: Allowance-example.csv - C:\Users\nobuy\GitHub\UADA\UADC_PoC\out\phase1\bis-billing3-examples\Allowance-example.xbrl 
[xbrlce:unknownColumn] Table structured CSV file header column 126 is not in table template definition: InvoiceTotalVatAmount, url: Allowance-example.csv - C:\Users\nobuy\GitHub\UADA\UADC_PoC\out\phase1\bis-billing3-examples\Allowance-example.xbrl 
[xbrlce:unknownColumn] Table structured CSV file header column 127 is not in table template definition: InvoiceTotalVatAmountInAccountingCurrency, url: Allowance-example.csv - C:\Users\nobuy\GitHub\UADA\UADC_PoC\out\phase1\bis-billing3-examples\Allowance-example.xbrl 
[xbrlce:unknownColumn] Table structured CSV file header column 128 is not in table template definition: InvoiceTotalAmountWithVat, url: Allowance-example.csv - C:\Users\nobuy\GitHub\UADA\UADC_PoC\out\phase1\bis-billing3-examples\Allowance-example.xbrl 
[xbrlce:unknownColumn] Table structured CSV file header column 129 is not in table template definition: PaidAmount, url: Allowance-example.csv - C:\Users\nobuy\GitHub\UADA\UADC_PoC\out\phase1\bis-billing3-examples\Allowance-example.xbrl 
[xbrlce:unknownColumn] Table structured CSV file header column 130 is not in table template definition: RoundingAmount, url: Allowance-example.csv - C:\Users\nobuy\GitHub\UADA\UADC_PoC\out\phase1\bis-billing3-examples\Allowance-example.xbrl 
[xbrlce:unknownColumn] Table structured CSV file header column 131 is not in table template definition: AmountDueForPayment, url: Allowance-example.csv - C:\Users\nobuy\GitHub\UADA\UADC_PoC\out\phase1\bis-billing3-examples\Allowance-example.xbrl 
[xbrlce:unknownColumn] Table structured CSV file header column 132 is not in table template definition: VatCategoryTaxableAmount, url: Allowance-example.csv - C:\Users\nobuy\GitHub\UADA\UADC_PoC\out\phase1\bis-billing3-examples\Allowance-example.xbrl 
[xbrlce:unknownColumn] Table structured CSV file header column 133 is not in table template definition: VatCategoryTaxAmount, url: Allowance-example.csv - C:\Users\nobuy\GitHub\UADA\UADC_PoC\out\phase1\bis-billing3-examples\Allowance-example.xbrl 
[xbrlce:unknownColumn] Table structured CSV file header column 134 is not in table template definition: VatCategoryCode, url: Allowance-example.csv - C:\Users\nobuy\GitHub\UADA\UADC_PoC\out\phase1\bis-billing3-examples\Allowance-example.xbrl 
[xbrlce:unknownColumn] Table structured CSV file header column 135 is not in table template definition: VatCategoryRate, url: Allowance-example.csv - C:\Users\nobuy\GitHub\UADA\UADC_PoC\out\phase1\bis-billing3-examples\Allowance-example.xbrl 
[xbrlce:unknownColumn] Table structured CSV file header column 136 is not in table template definition: VatExemptionReasonText, url: Allowance-example.csv - C:\Users\nobuy\GitHub\UADA\UADC_PoC\out\phase1\bis-billing3-examples\Allowance-example.xbrl 
[xbrlce:unknownColumn] Table structured CSV file header column 137 is not in table template definition: VatExemptionReasonCode, url: Allowance-example.csv - C:\Users\nobuy\GitHub\UADA\UADC_PoC\out\phase1\bis-billing3-examples\Allowance-example.xbrl 
[xbrlce:unknownColumn] Table structured CSV file header column 138 is not in table template definition: SupportingDocumentReference, url: Allowance-example.csv - C:\Users\nobuy\GitHub\UADA\UADC_PoC\out\phase1\bis-billing3-examples\Allowance-example.xbrl 
[xbrlce:unknownColumn] Table structured CSV file header column 139 is not in table template definition: SupportingDocumentDescription, url: Allowance-example.csv - C:\Users\nobuy\GitHub\UADA\UADC_PoC\out\phase1\bis-billing3-examples\Allowance-example.xbrl 
[xbrlce:unknownColumn] Table structured CSV file header column 140 is not in table template definition: ExternalDocumentLocation, url: Allowance-example.csv - C:\Users\nobuy\GitHub\UADA\UADC_PoC\out\phase1\bis-billing3-examples\Allowance-example.xbrl 
[xbrlce:unknownColumn] Table structured CSV file header column 141 is not in table template definition: AttachedDocument, url: Allowance-example.csv - C:\Users\nobuy\GitHub\UADA\UADC_PoC\out\phase1\bis-billing3-examples\Allowance-example.xbrl 
[xbrlce:unknownColumn] Table structured CSV file header column 142 is not in table template definition: InvoiceLineIdentifier, url: Allowance-example.csv - C:\Users\nobuy\GitHub\UADA\UADC_PoC\out\phase1\bis-billing3-examples\Allowance-example.xbrl 
[xbrlce:unknownColumn] Table structured CSV file header column 143 is not in table template definition: InvoiceLineNote, url: Allowance-example.csv - C:\Users\nobuy\GitHub\UADA\UADC_PoC\out\phase1\bis-billing3-examples\Allowance-example.xbrl 
[xbrlce:unknownColumn] Table structured CSV file header column 144 is not in table template definition: InvoiceLineObjectIdentifier, url: Allowance-example.csv - C:\Users\nobuy\GitHub\UADA\UADC_PoC\out\phase1\bis-billing3-examples\Allowance-example.xbrl 
[xbrlce:unknownColumn] Table structured CSV file header column 145 is not in table template definition: InvoicedQuantity, url: Allowance-example.csv - C:\Users\nobuy\GitHub\UADA\UADC_PoC\out\phase1\bis-billing3-examples\Allowance-example.xbrl 
[xbrlce:unknownColumn] Table structured CSV file header column 146 is not in table template definition: InvoicedQuantityUnitCode, url: Allowance-example.csv - C:\Users\nobuy\GitHub\UADA\UADC_PoC\out\phase1\bis-billing3-examples\Allowance-example.xbrl 
[xbrlce:unknownColumn] Table structured CSV file header column 147 is not in table template definition: InvoiceLineNetAmount, url: Allowance-example.csv - C:\Users\nobuy\GitHub\UADA\UADC_PoC\out\phase1\bis-billing3-examples\Allowance-example.xbrl 
[xbrlce:unknownColumn] Table structured CSV file header column 148 is not in table template definition: ReferencedPurchaseOrderLineReference, url: Allowance-example.csv - C:\Users\nobuy\GitHub\UADA\UADC_PoC\out\phase1\bis-billing3-examples\Allowance-example.xbrl 
[xbrlce:unknownColumn] Table structured CSV file header column 149 is not in table template definition: InvoiceLineBuyerAccountingReference, url: Allowance-example.csv - C:\Users\nobuy\GitHub\UADA\UADC_PoC\out\phase1\bis-billing3-examples\Allowance-example.xbrl 
[xbrlce:unknownColumn] Table structured CSV file header column 150 is not in table template definition: InvoiceLinePeriodStartDate, url: Allowance-example.csv - C:\Users\nobuy\GitHub\UADA\UADC_PoC\out\phase1\bis-billing3-examples\Allowance-example.xbrl 
[xbrlce:unknownColumn] Table structured CSV file header column 151 is not in table template definition: InvoiceLinePeriodEndDate, url: Allowance-example.csv - C:\Users\nobuy\GitHub\UADA\UADC_PoC\out\phase1\bis-billing3-examples\Allowance-example.xbrl 
[xbrlce:unknownColumn] Table structured CSV file header column 152 is not in table template definition: InvoiceLineAllowanceAmount, url: Allowance-example.csv - C:\Users\nobuy\GitHub\UADA\UADC_PoC\out\phase1\bis-billing3-examples\Allowance-example.xbrl 
[xbrlce:unknownColumn] Table structured CSV file header column 153 is not in table template definition: InvoiceLineAllowanceBaseAmount, url: Allowance-example.csv - C:\Users\nobuy\GitHub\UADA\UADC_PoC\out\phase1\bis-billing3-examples\Allowance-example.xbrl 
[xbrlce:unknownColumn] Table structured CSV file header column 154 is not in table template definition: InvoiceLineAllowancePercentage, url: Allowance-example.csv - C:\Users\nobuy\GitHub\UADA\UADC_PoC\out\phase1\bis-billing3-examples\Allowance-example.xbrl 
[xbrlce:unknownColumn] Table structured CSV file header column 155 is not in table template definition: InvoiceLineAllowanceReason, url: Allowance-example.csv - C:\Users\nobuy\GitHub\UADA\UADC_PoC\out\phase1\bis-billing3-examples\Allowance-example.xbrl 
[xbrlce:unknownColumn] Table structured CSV file header column 156 is not in table template definition: InvoiceLineAllowanceReasonCode, url: Allowance-example.csv - C:\Users\nobuy\GitHub\UADA\UADC_PoC\out\phase1\bis-billing3-examples\Allowance-example.xbrl 
[xbrlce:unknownColumn] Table structured CSV file header column 157 is not in table template definition: InvoiceLineChargeAmount, url: Allowance-example.csv - C:\Users\nobuy\GitHub\UADA\UADC_PoC\out\phase1\bis-billing3-examples\Allowance-example.xbrl 
[xbrlce:unknownColumn] Table structured CSV file header column 158 is not in table template definition: InvoiceLineChargeBaseAmount, url: Allowance-example.csv - C:\Users\nobuy\GitHub\UADA\UADC_PoC\out\phase1\bis-billing3-examples\Allowance-example.xbrl 
[xbrlce:unknownColumn] Table structured CSV file header column 159 is not in table template definition: InvoiceLineChargePercentage, url: Allowance-example.csv - C:\Users\nobuy\GitHub\UADA\UADC_PoC\out\phase1\bis-billing3-examples\Allowance-example.xbrl 
[xbrlce:unknownColumn] Table structured CSV file header column 160 is not in table template definition: InvoiceLineChargeReason, url: Allowance-example.csv - C:\Users\nobuy\GitHub\UADA\UADC_PoC\out\phase1\bis-billing3-examples\Allowance-example.xbrl 
[xbrlce:unknownColumn] Table structured CSV file header column 161 is not in table template definition: InvoiceLineChargeReasonCode, url: Allowance-example.csv - C:\Users\nobuy\GitHub\UADA\UADC_PoC\out\phase1\bis-billing3-examples\Allowance-example.xbrl 
[xbrlce:unknownColumn] Table structured CSV file header column 162 is not in table template definition: ItemNetPrice, url: Allowance-example.csv - C:\Users\nobuy\GitHub\UADA\UADC_PoC\out\phase1\bis-billing3-examples\Allowance-example.xbrl 
[xbrlce:unknownColumn] Table structured CSV file header column 163 is not in table template definition: ItemPriceDiscount, url: Allowance-example.csv - C:\Users\nobuy\GitHub\UADA\UADC_PoC\out\phase1\bis-billing3-examples\Allowance-example.xbrl 
[xbrlce:unknownColumn] Table structured CSV file header column 164 is not in table template definition: ItemGrossPrice, url: Allowance-example.csv - C:\Users\nobuy\GitHub\UADA\UADC_PoC\out\phase1\bis-billing3-examples\Allowance-example.xbrl 
[xbrlce:unknownColumn] Table structured CSV file header column 165 is not in table template definition: ItemPriceBaseQuantity, url: Allowance-example.csv - C:\Users\nobuy\GitHub\UADA\UADC_PoC\out\phase1\bis-billing3-examples\Allowance-example.xbrl 
[xbrlce:unknownColumn] Table structured CSV file header column 166 is not in table template definition: ItemPriceBaseQuantityUnitCode, url: Allowance-example.csv - C:\Users\nobuy\GitHub\UADA\UADC_PoC\out\phase1\bis-billing3-examples\Allowance-example.xbrl 
[xbrlce:unknownColumn] Table structured CSV file header column 167 is not in table template definition: InvoicedItemVatCategoryCode, url: Allowance-example.csv - C:\Users\nobuy\GitHub\UADA\UADC_PoC\out\phase1\bis-billing3-examples\Allowance-example.xbrl 
[xbrlce:unknownColumn] Table structured CSV file header column 168 is not in table template definition: InvoicedItemVatRate, url: Allowance-example.csv - C:\Users\nobuy\GitHub\UADA\UADC_PoC\out\phase1\bis-billing3-examples\Allowance-example.xbrl 
[xbrlce:unknownColumn] Table structured CSV file header column 169 is not in table template definition: ItemName, url: Allowance-example.csv - C:\Users\nobuy\GitHub\UADA\UADC_PoC\out\phase1\bis-billing3-examples\Allowance-example.xbrl 
[xbrlce:unknownColumn] Table structured CSV file header column 170 is not in table template definition: ItemDescription, url: Allowance-example.csv - C:\Users\nobuy\GitHub\UADA\UADC_PoC\out\phase1\bis-billing3-examples\Allowance-example.xbrl 
[xbrlce:unknownColumn] Table structured CSV file header column 171 is not in table template definition: ItemSellerIdentifier, url: Allowance-example.csv - C:\Users\nobuy\GitHub\UADA\UADC_PoC\out\phase1\bis-billing3-examples\Allowance-example.xbrl 
[xbrlce:unknownColumn] Table structured CSV file header column 172 is not in table template definition: ItemBuyerIdentifier, url: Allowance-example.csv - C:\Users\nobuy\GitHub\UADA\UADC_PoC\out\phase1\bis-billing3-examples\Allowance-example.xbrl 
[xbrlce:unknownColumn] Table structured CSV file header column 173 is not in table template definition: ItemStandardIdentifier, url: Allowance-example.csv - C:\Users\nobuy\GitHub\UADA\UADC_PoC\out\phase1\bis-billing3-examples\Allowance-example.xbrl 
[xbrlce:unknownColumn] Table structured CSV file header column 174 is not in table template definition: ItemClassificationIdentifier, url: Allowance-example.csv - C:\Users\nobuy\GitHub\UADA\UADC_PoC\out\phase1\bis-billing3-examples\Allowance-example.xbrl 
[xbrlce:unknownColumn] Table structured CSV file header column 175 is not in table template definition: ItemCountryOfOrigin, url: Allowance-example.csv - C:\Users\nobuy\GitHub\UADA\UADC_PoC\out\phase1\bis-billing3-examples\Allowance-example.xbrl 
[xbrlce:unknownColumn] Table structured CSV file header column 176 is not in table template definition: ItemAttributeName, url: Allowance-example.csv - C:\Users\nobuy\GitHub\UADA\UADC_PoC\out\phase1\bis-billing3-examples\Allowance-example.xbrl 
[xbrlce:unknownColumn] Table structured CSV file header column 177 is not in table template definition: ItemAttributeValue, url: Allowance-example.csv - C:\Users\nobuy\GitHub\UADA\UADC_PoC\out\phase1\bis-billing3-examples\Allowance-example.xbrl 
loaded in 0.13 secs
no relationships for Presentation
no relationships for Calculation
views 0.10 secs
